Chunk size:        1
Number of appends: 100
Repeated:          100000
  6.100000000000000E-004  1.221000000000000E-003
   1.35164300000000       7.398000000000000E-002
                  1692                     0                     0
                     0                   401                     1
                     0                  1288                    24
                     0                     0                     0
                    15                     3
                  1692                     0                     0
                     0                   409                     1
                     0                  1288                  2576
                     0                     0                     0
                    19                   180
Wall clock (s):  1.42490    
CPU time (s):    1.42383    
Chunk size:        16
Number of appends: 100
Repeated:          30000
   1.35172000000000       7.398399999999999E-002
   1.97696400000000       0.101998000000000     
                  1692                     0                     0
                     0                   423                     1
                     0                  1288                  2584
                     0                     0                     0
                    19                   182
                  1692                     0                     0
                     0                   427                     1
                     0                  1288                  3344
                     0                     0                     0
                    19                   183
Wall clock (s): 0.653300    
CPU time (s):   0.653283    
Chunk size:        256
Number of appends: 100
Repeated:          10000
   1.97701600000000       0.102000000000000     
   7.08894300000000        3.02254900000000     
                  1692                     0                     0
                     0                   427                     1
                     0                  1288                  3344
                     0                     0                     0
                    19                   185
                  1692                     0                     0
                     0               2290456                     1
                     0                  1288                  3608
                     0                     0                     0
                    20                   198
Wall clock (s):  8.03650    
CPU time (s):    8.03250    
Chunk size:        4096
Number of appends: 100
Repeated:          3000
   7.08898400000000        3.02256700000000     
   31.6919990000000        10.7996590000000     
                  1692                     0                     0
                     0               2290456                     1
                     0                  1288                  3624
                     0                     0                     0
                    20                   200
                  5996                     0                     0
                     0               9120563                     1
                     0                  1288                  3712
                     0                     0                     0
                    20                   498
Wall clock (s):  32.3812    
CPU time (s):    32.3801    
Chunk size:        65536
Number of appends: 100
Repeated:          100
   31.6920740000000        10.7996840000000     
   56.6525790000000        14.2931460000000     
                  5996                     0                     0
                     0               9120591                     1
                     0                  1288                  3728
                     0                     0                     0
                    20                   500
                 77252                     0                     0
                     0              11636969                     1
                     0                  1288                  3744
                     0                     0                     0
                    20                  1220
Wall clock (s):  28.4564    
CPU time (s):    28.4540    
